2019-03-20 11:54:35,132 p=2909 u=student |  ERROR! the playbook: - could not be found
2019-03-20 11:54:46,342 p=2922 u=student |  Using /home/student/DO280/labs/install-prepare/ansible.cfg as config file
2019-03-20 11:54:46,596 p=2922 u=student |  PLAY [Verify Connectivity] *************************************************************************************
2019-03-20 11:54:46,605 p=2922 u=student |  TASK [Test connectivity to machines.] **************************************************************************
2019-03-20 11:54:47,541 p=2922 u=student |  ok: [workstation.lab.example.com] => {"changed": false, "cmd": "whoami", "delta": "0:00:00.008067", "end": "2019-03-20 11:54:47.514422", "rc": 0, "start": "2019-03-20 11:54:47.506355", "stderr": "", "stderr_lines": [], "stdout": "root", "stdout_lines": ["root"]}
2019-03-20 11:54:47,561 p=2922 u=student |  ok: [services.lab.example.com] => {"changed": false, "cmd": "whoami", "delta": "0:00:00.020383", "end": "2019-03-20 11:54:47.520881", "rc": 0, "start": "2019-03-20 11:54:47.500498", "stderr": "", "stderr_lines": [], "stdout": "root", "stdout_lines": ["root"]}
2019-03-20 11:54:47,623 p=2922 u=student |  ok: [master.lab.example.com] => {"changed": false, "cmd": "whoami", "delta": "0:00:00.005450", "end": "2019-03-20 11:54:47.597760", "rc": 0, "start": "2019-03-20 11:54:47.592310", "stderr": "", "stderr_lines": [], "stdout": "root", "stdout_lines": ["root"]}
2019-03-20 11:54:47,628 p=2922 u=student |  ok: [node2.lab.example.com] => {"changed": false, "cmd": "whoami", "delta": "0:00:00.005730", "end": "2019-03-20 11:54:47.602217", "rc": 0, "start": "2019-03-20 11:54:47.596487", "stderr": "", "stderr_lines": [], "stdout": "root", "stdout_lines": ["root"]}
2019-03-20 11:54:47,651 p=2922 u=student |  ok: [node1.lab.example.com] => {"changed": false, "cmd": "whoami", "delta": "0:00:00.006030", "end": "2019-03-20 11:54:47.629617", "rc": 0, "start": "2019-03-20 11:54:47.623587", "stderr": "", "stderr_lines": [], "stdout": "root", "stdout_lines": ["root"]}
2019-03-20 11:54:47,654 p=2922 u=student |  PLAY RECAP *****************************************************************************************************
2019-03-20 11:54:47,654 p=2922 u=student |  master.lab.example.com     : ok=1    changed=0    unreachable=0    failed=0   
2019-03-20 11:54:47,654 p=2922 u=student |  node1.lab.example.com      : ok=1    changed=0    unreachable=0    failed=0   
2019-03-20 11:54:47,654 p=2922 u=student |  node2.lab.example.com      : ok=1    changed=0    unreachable=0    failed=0   
2019-03-20 11:54:47,654 p=2922 u=student |  services.lab.example.com   : ok=1    changed=0    unreachable=0    failed=0   
2019-03-20 11:54:47,654 p=2922 u=student |  workstation.lab.example.com : ok=1    changed=0    unreachable=0    failed=0   
2019-03-20 11:55:10,615 p=3074 u=student |  master.lab.example.com | SUCCESS => {
    "changed": false, 
    "ping": "pong"
}
2019-03-20 11:55:10,631 p=3074 u=student |  node1.lab.example.com | SUCCESS => {
    "changed": false, 
    "ping": "pong"
}
2019-03-20 11:55:10,638 p=3074 u=student |  workstation.lab.example.com | SUCCESS => {
    "changed": false, 
    "ping": "pong"
}
2019-03-20 11:55:10,676 p=3074 u=student |  node2.lab.example.com | SUCCESS => {
    "changed": false, 
    "ping": "pong"
}
2019-03-20 11:55:10,681 p=3074 u=student |  services.lab.example.com | SUCCESS => {
    "changed": false, 
    "ping": "pong"
}
2019-03-20 11:59:36,983 p=3255 u=student |  ansible-playbook 2.4.3.0
  config file = /home/student/DO280/labs/install-prepare/ansible.cfg
  configured module search path = [u'/home/student/.ansible/plugins/modules', u'/usr/share/ansible/plugins/modules']
  ansible python module location = /usr/lib/python2.7/site-packages/ansible
  executable location = /usr/bin/ansible-playbook
  python version = 2.7.5 (default, Feb 20 2018, 09:19:12) [GCC 4.8.5 20150623 (Red Hat 4.8.5-28)]
2019-03-20 11:59:36,983 p=3255 u=student |  Using /home/student/DO280/labs/install-prepare/ansible.cfg as config file
2019-03-20 11:59:36,988 p=3255 u=student |  Parsed /home/student/DO280/labs/install-prepare/inventory inventory source with ini plugin
2019-03-20 11:59:37,168 p=3255 u=student |  PLAYBOOK: ping.yml *********************************************************************************************
2019-03-20 11:59:37,168 p=3255 u=student |  1 plays in ping.yml
2019-03-20 11:59:37,189 p=3255 u=student |  PLAY [Verify Connectivity] *************************************************************************************
2019-03-20 11:59:37,194 p=3255 u=student |  META: ran handlers
2019-03-20 11:59:37,198 p=3255 u=student |  TASK [Test connectivity to machines.] **************************************************************************
2019-03-20 11:59:37,198 p=3255 u=student |  task path: /home/student/DO280/labs/install-prepare/ping.yml:6
2019-03-20 11:59:37,314 p=3255 u=student |  Using module file /usr/lib/python2.7/site-packages/ansible/modules/commands/command.py
2019-03-20 11:59:37,314 p=3255 u=student |  Using module file /usr/lib/python2.7/site-packages/ansible/modules/commands/command.py
2019-03-20 11:59:37,318 p=3255 u=student |  Using module file /usr/lib/python2.7/site-packages/ansible/modules/commands/command.py
2019-03-20 11:59:37,319 p=3255 u=student |  Using module file /usr/lib/python2.7/site-packages/ansible/modules/commands/command.py
2019-03-20 11:59:37,336 p=3255 u=student |  Using module file /usr/lib/python2.7/site-packages/ansible/modules/commands/command.py
2019-03-20 11:59:38,058 p=3255 u=student |  ok: [services.lab.example.com] => {
    "changed": false, 
    "cmd": "whoami", 
    "delta": "0:00:00.005168", 
    "end": "2019-03-20 11:59:38.028632", 
    "invocation": {
        "module_args": {
            "_raw_params": "whoami", 
            "_uses_shell": true, 
            "chdir": null, 
            "creates": null, 
            "executable": null, 
            "removes": null, 
            "stdin": null, 
            "warn": true
        }
    }, 
    "rc": 0, 
    "start": "2019-03-20 11:59:38.023464", 
    "stderr": "", 
    "stderr_lines": [], 
    "stdout": "root", 
    "stdout_lines": [
        "root"
    ]
}
2019-03-20 11:59:38,114 p=3255 u=student |  ok: [workstation.lab.example.com] => {
    "changed": false, 
    "cmd": "whoami", 
    "delta": "0:00:00.004682", 
    "end": "2019-03-20 11:59:38.091437", 
    "invocation": {
        "module_args": {
            "_raw_params": "whoami", 
            "_uses_shell": true, 
            "chdir": null, 
            "creates": null, 
            "executable": null, 
            "removes": null, 
            "stdin": null, 
            "warn": true
        }
    }, 
    "rc": 0, 
    "start": "2019-03-20 11:59:38.086755", 
    "stderr": "", 
    "stderr_lines": [], 
    "stdout": "root", 
    "stdout_lines": [
        "root"
    ]
}
2019-03-20 11:59:38,131 p=3255 u=student |  ok: [master.lab.example.com] => {
    "changed": false, 
    "cmd": "whoami", 
    "delta": "0:00:00.004710", 
    "end": "2019-03-20 11:59:38.108866", 
    "invocation": {
        "module_args": {
            "_raw_params": "whoami", 
            "_uses_shell": true, 
            "chdir": null, 
            "creates": null, 
            "executable": null, 
            "removes": null, 
            "stdin": null, 
            "warn": true
        }
    }, 
    "rc": 0, 
    "start": "2019-03-20 11:59:38.104156", 
    "stderr": "", 
    "stderr_lines": [], 
    "stdout": "root", 
    "stdout_lines": [
        "root"
    ]
}
2019-03-20 11:59:38,153 p=3255 u=student |  ok: [node1.lab.example.com] => {
    "changed": false, 
    "cmd": "whoami", 
    "delta": "0:00:00.005040", 
    "end": "2019-03-20 11:59:38.127719", 
    "invocation": {
        "module_args": {
            "_raw_params": "whoami", 
            "_uses_shell": true, 
            "chdir": null, 
            "creates": null, 
            "executable": null, 
            "removes": null, 
            "stdin": null, 
            "warn": true
        }
    }, 
    "rc": 0, 
    "start": "2019-03-20 11:59:38.122679", 
    "stderr": "", 
    "stderr_lines": [], 
    "stdout": "root", 
    "stdout_lines": [
        "root"
    ]
}
2019-03-20 11:59:38,168 p=3255 u=student |  ok: [node2.lab.example.com] => {
    "changed": false, 
    "cmd": "whoami", 
    "delta": "0:00:00.004959", 
    "end": "2019-03-20 11:59:38.145820", 
    "invocation": {
        "module_args": {
            "_raw_params": "whoami", 
            "_uses_shell": true, 
            "chdir": null, 
            "creates": null, 
            "executable": null, 
            "removes": null, 
            "stdin": null, 
            "warn": true
        }
    }, 
    "rc": 0, 
    "start": "2019-03-20 11:59:38.140861", 
    "stderr": "", 
    "stderr_lines": [], 
    "stdout": "root", 
    "stdout_lines": [
        "root"
    ]
}
2019-03-20 11:59:38,169 p=3255 u=student |  META: ran handlers
2019-03-20 11:59:38,169 p=3255 u=student |  META: ran handlers
2019-03-20 11:59:38,170 p=3255 u=student |  PLAY RECAP *****************************************************************************************************
2019-03-20 11:59:38,170 p=3255 u=student |  master.lab.example.com     : ok=1    changed=0    unreachable=0    failed=0   
2019-03-20 11:59:38,170 p=3255 u=student |  node1.lab.example.com      : ok=1    changed=0    unreachable=0    failed=0   
2019-03-20 11:59:38,170 p=3255 u=student |  node2.lab.example.com      : ok=1    changed=0    unreachable=0    failed=0   
2019-03-20 11:59:38,170 p=3255 u=student |  services.lab.example.com   : ok=1    changed=0    unreachable=0    failed=0   
2019-03-20 11:59:38,170 p=3255 u=student |  workstation.lab.example.com : ok=1    changed=0    unreachable=0    failed=0   
2019-03-20 12:00:37,079 p=3445 u=student |  PLAY [Host Preparation: Docker tasks] **************************************************************************
2019-03-20 12:00:37,091 p=3445 u=student |  TASK [Gathering Facts] *****************************************************************************************
2019-03-20 12:00:37,880 p=3445 u=student |  ok: [node1.lab.example.com]
2019-03-20 12:00:37,904 p=3445 u=student |  ok: [node2.lab.example.com]
2019-03-20 12:00:37,927 p=3445 u=student |  ok: [master.lab.example.com]
2019-03-20 12:00:37,932 p=3445 u=student |  TASK [firewall : Start/Enable Service] *************************************************************************
2019-03-20 12:00:38,387 p=3445 u=student |  ok: [node2.lab.example.com]
2019-03-20 12:00:38,431 p=3445 u=student |  ok: [master.lab.example.com]
2019-03-20 12:00:38,440 p=3445 u=student |  ok: [node1.lab.example.com]
2019-03-20 12:00:38,445 p=3445 u=student |  TASK [docker : Install Packages] *******************************************************************************
2019-03-20 12:01:17,062 p=3445 u=student |  changed: [node2.lab.example.com] => (item=[u'docker', u'ca-certificates'])
2019-03-20 12:01:18,991 p=3445 u=student |  changed: [master.lab.example.com] => (item=[u'docker', u'ca-certificates'])
2019-03-20 12:01:19,392 p=3445 u=student |  changed: [node1.lab.example.com] => (item=[u'docker', u'ca-certificates'])
2019-03-20 12:01:19,398 p=3445 u=student |  TASK [docker : Docker Group] ***********************************************************************************
2019-03-20 12:01:19,910 p=3445 u=student |  changed: [master.lab.example.com]
2019-03-20 12:01:19,915 p=3445 u=student |  changed: [node2.lab.example.com]
2019-03-20 12:01:19,915 p=3445 u=student |  changed: [node1.lab.example.com]
2019-03-20 12:01:19,921 p=3445 u=student |  TASK [docker : Insecure Registries] ****************************************************************************
2019-03-20 12:01:20,373 p=3445 u=student |  changed: [master.lab.example.com]
2019-03-20 12:01:20,387 p=3445 u=student |  changed: [node1.lab.example.com]
2019-03-20 12:01:20,393 p=3445 u=student |  changed: [node2.lab.example.com]
2019-03-20 12:01:20,399 p=3445 u=student |  TASK [docker : Remove Insecure Registries] *********************************************************************
2019-03-20 12:01:20,421 p=3445 u=student |  skipping: [master.lab.example.com]
2019-03-20 12:01:20,421 p=3445 u=student |  skipping: [node1.lab.example.com]
2019-03-20 12:01:20,426 p=3445 u=student |  skipping: [node2.lab.example.com]
2019-03-20 12:01:20,432 p=3445 u=student |  TASK [docker : Add Local Lab Registry] *************************************************************************
2019-03-20 12:01:20,801 p=3445 u=student |  changed: [master.lab.example.com]
2019-03-20 12:01:20,830 p=3445 u=student |  changed: [node1.lab.example.com]
2019-03-20 12:01:20,851 p=3445 u=student |  changed: [node2.lab.example.com]
2019-03-20 12:01:20,856 p=3445 u=student |  TASK [docker : Block Online Registries] ************************************************************************
2019-03-20 12:01:21,184 p=3445 u=student |  changed: [master.lab.example.com]
2019-03-20 12:01:21,201 p=3445 u=student |  changed: [node2.lab.example.com]
2019-03-20 12:01:21,203 p=3445 u=student |  changed: [node1.lab.example.com]
2019-03-20 12:01:21,209 p=3445 u=student |  TASK [docker : UnBlock Online Registries] **********************************************************************
2019-03-20 12:01:21,229 p=3445 u=student |  skipping: [master.lab.example.com]
2019-03-20 12:01:21,230 p=3445 u=student |  skipping: [node1.lab.example.com]
2019-03-20 12:01:21,235 p=3445 u=student |  skipping: [node2.lab.example.com]
2019-03-20 12:01:21,240 p=3445 u=student |  TASK [docker : Add Local Lab Registry] *************************************************************************
2019-03-20 12:01:21,259 p=3445 u=student |  skipping: [master.lab.example.com]
2019-03-20 12:01:21,262 p=3445 u=student |  skipping: [node1.lab.example.com]
2019-03-20 12:01:21,266 p=3445 u=student |  skipping: [node2.lab.example.com]
2019-03-20 12:01:21,271 p=3445 u=student |  TASK [docker : Enable DNS for Docker] **************************************************************************
2019-03-20 12:01:21,289 p=3445 u=student |  skipping: [master.lab.example.com]
2019-03-20 12:01:21,290 p=3445 u=student |  skipping: [node1.lab.example.com]
2019-03-20 12:01:21,295 p=3445 u=student |  skipping: [node2.lab.example.com]
2019-03-20 12:01:21,301 p=3445 u=student |  TASK [docker : (Re-)Start/Enable Service] **********************************************************************
2019-03-20 12:01:23,398 p=3445 u=student |  changed: [master.lab.example.com]
2019-03-20 12:01:23,478 p=3445 u=student |  changed: [node1.lab.example.com]
2019-03-20 12:01:23,551 p=3445 u=student |  changed: [node2.lab.example.com]
2019-03-20 12:01:23,556 p=3445 u=student |  TASK [docker : Enable IP Forwarding] ***************************************************************************
2019-03-20 12:01:24,037 p=3445 u=student |  changed: [node1.lab.example.com]
2019-03-20 12:01:24,046 p=3445 u=student |  changed: [master.lab.example.com]
2019-03-20 12:01:24,053 p=3445 u=student |  changed: [node2.lab.example.com]
2019-03-20 12:01:24,058 p=3445 u=student |  TASK [docker : firewalld zone dockerc exists] ******************************************************************
2019-03-20 12:01:24,801 p=3445 u=student |  ok: [master.lab.example.com]
2019-03-20 12:01:24,905 p=3445 u=student |  ok: [node1.lab.example.com]
2019-03-20 12:01:24,913 p=3445 u=student |  ok: [node2.lab.example.com]
2019-03-20 12:01:24,918 p=3445 u=student |  TASK [docker : Firewall- Create Docker Zone] *******************************************************************
2019-03-20 12:01:25,555 p=3445 u=student |  changed: [node1.lab.example.com]
2019-03-20 12:01:25,563 p=3445 u=student |  changed: [master.lab.example.com]
2019-03-20 12:01:25,575 p=3445 u=student |  changed: [node2.lab.example.com]
2019-03-20 12:01:25,581 p=3445 u=student |  TASK [docker : Reload Firewall Service] ************************************************************************
2019-03-20 12:01:26,429 p=3445 u=student |  changed: [master.lab.example.com]
2019-03-20 12:01:26,715 p=3445 u=student |  changed: [node2.lab.example.com]
2019-03-20 12:01:26,736 p=3445 u=student |  changed: [node1.lab.example.com]
2019-03-20 12:01:26,744 p=3445 u=student |  TASK [docker : Firewall- Identify Docker Zone Source] **********************************************************
2019-03-20 12:01:27,471 p=3445 u=student |  changed: [node2.lab.example.com]
2019-03-20 12:01:27,545 p=3445 u=student |  changed: [master.lab.example.com]
2019-03-20 12:01:27,581 p=3445 u=student |  changed: [node1.lab.example.com]
2019-03-20 12:01:27,587 p=3445 u=student |  TASK [docker : Firewall- Open Docker DNS] **********************************************************************
2019-03-20 12:01:28,195 p=3445 u=student |  changed: [node2.lab.example.com]
2019-03-20 12:01:28,226 p=3445 u=student |  changed: [master.lab.example.com]
2019-03-20 12:01:28,264 p=3445 u=student |  changed: [node1.lab.example.com]
2019-03-20 12:01:28,270 p=3445 u=student |  TASK [docker-storage : Customize default /etc/sysconfig/docker-storage-setup] **********************************
2019-03-20 12:01:28,290 p=3445 u=student |  skipping: [master.lab.example.com]
2019-03-20 12:01:28,295 p=3445 u=student |  skipping: [node1.lab.example.com]
2019-03-20 12:01:28,302 p=3445 u=student |  skipping: [node2.lab.example.com]
2019-03-20 12:01:28,307 p=3445 u=student |  TASK [docker-storage : Customize /etc/sysconfig/docker-storage-setup using overlay2 storage driver] ************
2019-03-20 12:01:29,248 p=3445 u=student |  changed: [node2.lab.example.com]
2019-03-20 12:01:29,266 p=3445 u=student |  changed: [node1.lab.example.com]
2019-03-20 12:01:29,268 p=3445 u=student |  changed: [master.lab.example.com]
2019-03-20 12:01:29,274 p=3445 u=student |  TASK [docker-storage : Verify existence of /dev/docker-vg/docker-pool] *****************************************
2019-03-20 12:01:29,615 p=3445 u=student |  ok: [master.lab.example.com]
2019-03-20 12:01:29,650 p=3445 u=student |  ok: [node1.lab.example.com]
2019-03-20 12:01:29,665 p=3445 u=student |  ok: [node2.lab.example.com]
2019-03-20 12:01:29,671 p=3445 u=student |  TASK [docker-storage : Stop docker] ****************************************************************************
2019-03-20 12:01:31,072 p=3445 u=student |  changed: [node2.lab.example.com]
2019-03-20 12:01:31,094 p=3445 u=student |  changed: [master.lab.example.com]
2019-03-20 12:01:31,119 p=3445 u=student |  changed: [node1.lab.example.com]
2019-03-20 12:01:31,126 p=3445 u=student |  TASK [docker-storage : Remove loopback docker files] ***********************************************************
2019-03-20 12:01:31,624 p=3445 u=student |  changed: [node1.lab.example.com]
2019-03-20 12:01:31,642 p=3445 u=student |  changed: [master.lab.example.com]
2019-03-20 12:01:31,648 p=3445 u=student |  changed: [node2.lab.example.com]
2019-03-20 12:01:31,655 p=3445 u=student |  TASK [docker-storage : Run docker-storage-setup] ***************************************************************
2019-03-20 12:01:32,644 p=3445 u=student |  changed: [node2.lab.example.com]
2019-03-20 12:01:32,694 p=3445 u=student |  changed: [node1.lab.example.com]
2019-03-20 12:01:32,713 p=3445 u=student |  changed: [master.lab.example.com]
2019-03-20 12:01:32,719 p=3445 u=student |  TASK [docker-storage : Start and enable docker] ****************************************************************
2019-03-20 12:01:34,724 p=3445 u=student |  changed: [master.lab.example.com]
2019-03-20 12:01:34,805 p=3445 u=student |  changed: [node2.lab.example.com]
2019-03-20 12:01:34,806 p=3445 u=student |  changed: [node1.lab.example.com]
2019-03-20 12:01:34,812 p=3445 u=student |  TASK [docker-registry-cert : Enable the Trust] *****************************************************************
2019-03-20 12:01:35,782 p=3445 u=student |  changed: [node2.lab.example.com]
2019-03-20 12:01:35,811 p=3445 u=student |  changed: [master.lab.example.com]
2019-03-20 12:01:35,856 p=3445 u=student |  changed: [node1.lab.example.com]
2019-03-20 12:01:35,866 p=3445 u=student |  TASK [docker-registry-cert : Retrieve the certificate] *********************************************************
2019-03-20 12:01:36,650 p=3445 u=student |  changed: [master.lab.example.com -> services.lab.example.com]
2019-03-20 12:01:36,651 p=3445 u=student |  changed: [node2.lab.example.com -> services.lab.example.com]
2019-03-20 12:01:36,658 p=3445 u=student |  changed: [node1.lab.example.com -> services.lab.example.com]
2019-03-20 12:01:36,664 p=3445 u=student |  TASK [docker-registry-cert : Copy the certificate] *************************************************************
2019-03-20 12:01:37,325 p=3445 u=student |  changed: [node2.lab.example.com]
2019-03-20 12:01:37,390 p=3445 u=student |  changed: [master.lab.example.com]
2019-03-20 12:01:37,406 p=3445 u=student |  changed: [node1.lab.example.com]
2019-03-20 12:01:37,412 p=3445 u=student |  TASK [docker-registry-cert : Update the Trust] *****************************************************************
2019-03-20 12:01:38,323 p=3445 u=student |  changed: [node2.lab.example.com]
2019-03-20 12:01:38,369 p=3445 u=student |  changed: [master.lab.example.com]
2019-03-20 12:01:38,398 p=3445 u=student |  changed: [node1.lab.example.com]
2019-03-20 12:01:38,404 p=3445 u=student |  TASK [docker-registry-cert : Restart Docker] *******************************************************************
2019-03-20 12:01:41,560 p=3445 u=student |  changed: [node1.lab.example.com]
2019-03-20 12:01:41,609 p=3445 u=student |  changed: [node2.lab.example.com]
2019-03-20 12:01:41,622 p=3445 u=student |  changed: [master.lab.example.com]
2019-03-20 12:01:41,634 p=3445 u=student |  TASK [openshift-node : Deploy ssh key to root at all nodes] ****************************************************
2019-03-20 12:01:42,201 p=3445 u=student |  changed: [master.lab.example.com] => (item=ssh-rsa AAAAB3NzaC1yc2EAAAADAQABAAABAQCvypmcIHPWO/+Tm/etzWvmGiyWognWbhTeyXSBMV/SfciyOVAu6o/LbskdMsTL2Gk2FzZABIlVfMzu8KkR80ZBVuPjHHj1fjxymE2nQVyax1CZxuFex6umdqOI9LIJ5458xafG2hivUUdTEUnHtb0mx6rNjRFekAmdPOTCZUqsuWO2cLgj3IUXDOaW7RFBEmVj66vTQm4AyXKW3dWg9WokIwA+CeXNci5yRLdK40dz6ZdFlG9NVCk+xj/qQBRNVL9Mf4Qnjal2zOJovYGYqvSJ9t9n54sQ70TiFZN7v1663ipcGH9OyTpc1kHJ2RDxgGLAbGDiq8u/3D3mtd5Ib5x5 student)
2019-03-20 12:01:42,208 p=3445 u=student |  changed: [node2.lab.example.com] => (item=ssh-rsa AAAAB3NzaC1yc2EAAAADAQABAAABAQCvypmcIHPWO/+Tm/etzWvmGiyWognWbhTeyXSBMV/SfciyOVAu6o/LbskdMsTL2Gk2FzZABIlVfMzu8KkR80ZBVuPjHHj1fjxymE2nQVyax1CZxuFex6umdqOI9LIJ5458xafG2hivUUdTEUnHtb0mx6rNjRFekAmdPOTCZUqsuWO2cLgj3IUXDOaW7RFBEmVj66vTQm4AyXKW3dWg9WokIwA+CeXNci5yRLdK40dz6ZdFlG9NVCk+xj/qQBRNVL9Mf4Qnjal2zOJovYGYqvSJ9t9n54sQ70TiFZN7v1663ipcGH9OyTpc1kHJ2RDxgGLAbGDiq8u/3D3mtd5Ib5x5 student)
2019-03-20 12:01:42,215 p=3445 u=student |  changed: [node1.lab.example.com] => (item=ssh-rsa AAAAB3NzaC1yc2EAAAADAQABAAABAQCvypmcIHPWO/+Tm/etzWvmGiyWognWbhTeyXSBMV/SfciyOVAu6o/LbskdMsTL2Gk2FzZABIlVfMzu8KkR80ZBVuPjHHj1fjxymE2nQVyax1CZxuFex6umdqOI9LIJ5458xafG2hivUUdTEUnHtb0mx6rNjRFekAmdPOTCZUqsuWO2cLgj3IUXDOaW7RFBEmVj66vTQm4AyXKW3dWg9WokIwA+CeXNci5yRLdK40dz6ZdFlG9NVCk+xj/qQBRNVL9Mf4Qnjal2zOJovYGYqvSJ9t9n54sQ70TiFZN7v1663ipcGH9OyTpc1kHJ2RDxgGLAbGDiq8u/3D3mtd5Ib5x5 student)
2019-03-20 12:01:42,221 p=3445 u=student |  TASK [openshift-node : Install required packages] **************************************************************
2019-03-20 12:05:29,957 p=3445 u=student |  changed: [master.lab.example.com] => (item=[u'wget', u'git', u'net-tools', u'bind-utils', u'iptables-services', u'bridge-utils', u'bash-completion', u'kexec-tools', u'sos', u'psacct', u'atomic-openshift-clients', u'atomic-openshift-utils', u'atomic-openshift'])
2019-03-20 12:05:39,327 p=3445 u=student |  changed: [node1.lab.example.com] => (item=[u'wget', u'git', u'net-tools', u'bind-utils', u'iptables-services', u'bridge-utils', u'bash-completion', u'kexec-tools', u'sos', u'psacct', u'atomic-openshift-clients', u'atomic-openshift-utils', u'atomic-openshift'])
2019-03-20 12:05:44,013 p=3445 u=student |  changed: [node2.lab.example.com] => (item=[u'wget', u'git', u'net-tools', u'bind-utils', u'iptables-services', u'bridge-utils', u'bash-completion', u'kexec-tools', u'sos', u'psacct', u'atomic-openshift-clients', u'atomic-openshift-utils', u'atomic-openshift'])
2019-03-20 12:05:44,018 p=3445 u=student |  TASK [Student Account - Docker Access] *************************************************************************
2019-03-20 12:05:44,606 p=3445 u=student |  changed: [node1.lab.example.com]
2019-03-20 12:05:44,611 p=3445 u=student |  changed: [node2.lab.example.com]
2019-03-20 12:05:44,658 p=3445 u=student |  changed: [master.lab.example.com]
2019-03-20 12:05:44,660 p=3445 u=student |  PLAY RECAP *****************************************************************************************************
2019-03-20 12:05:44,661 p=3445 u=student |  master.lab.example.com     : ok=28   changed=24   unreachable=0    failed=0   
2019-03-20 12:05:44,661 p=3445 u=student |  node1.lab.example.com      : ok=28   changed=24   unreachable=0    failed=0   
2019-03-20 12:05:44,661 p=3445 u=student |  node2.lab.example.com      : ok=28   changed=24   unreachable=0    failed=0   
2019-03-20 12:14:48,090 p=7899 u=student |  node2.lab.example.com | SUCCESS | rc=0 >>
Trying to pull repository registry.lab.example.com/rhel7 ... 
latest: Pulling from registry.lab.example.com/rhel7
845d34b6bc6a: Pulling fs layer
c7cbcb13fe2e: Pulling fs layer
c7cbcb13fe2e: Verifying Checksum
c7cbcb13fe2e: Download complete
845d34b6bc6a: Verifying Checksum
845d34b6bc6a: Download complete
845d34b6bc6a: Pull complete
c7cbcb13fe2e: Pull complete
Digest: sha256:ca84777dbf5c4574f103c5e9f270193eb9bf8732198e86109c5aa26fbd6fdb0b
Status: Downloaded newer image for registry.lab.example.com/rhel7:latest

2019-03-20 12:14:48,113 p=7899 u=student |  master.lab.example.com | SUCCESS | rc=0 >>
Trying to pull repository registry.lab.example.com/rhel7 ... 
latest: Pulling from registry.lab.example.com/rhel7
845d34b6bc6a: Pulling fs layer
c7cbcb13fe2e: Pulling fs layer
c7cbcb13fe2e: Download complete
845d34b6bc6a: Verifying Checksum
845d34b6bc6a: Download complete
845d34b6bc6a: Pull complete
c7cbcb13fe2e: Pull complete
Digest: sha256:ca84777dbf5c4574f103c5e9f270193eb9bf8732198e86109c5aa26fbd6fdb0b
Status: Downloaded newer image for registry.lab.example.com/rhel7:latest

2019-03-20 12:14:48,156 p=7899 u=student |  node1.lab.example.com | SUCCESS | rc=0 >>
Trying to pull repository registry.lab.example.com/rhel7 ... 
latest: Pulling from registry.lab.example.com/rhel7
845d34b6bc6a: Pulling fs layer
c7cbcb13fe2e: Pulling fs layer
c7cbcb13fe2e: Verifying Checksum
c7cbcb13fe2e: Download complete
845d34b6bc6a: Verifying Checksum
845d34b6bc6a: Download complete
845d34b6bc6a: Pull complete
c7cbcb13fe2e: Pull complete
Digest: sha256:ca84777dbf5c4574f103c5e9f270193eb9bf8732198e86109c5aa26fbd6fdb0b
Status: Downloaded newer image for registry.lab.example.com/rhel7:latest

